<?xml version="1.0" encoding="UTF-8"?>
<!-- Generated by org.testng.reporters.JUnitXMLReporter -->
<testsuite ignored="0" hostname="HEMANTHVANI" failures="0" tests="4" name="Test" time="124.48" errors="0" timestamp="2020-12-08T18:49:19 IST">
  <testcase classname="Academy.validatePageLogo" name="validatePageTitle" time="24.07"/>
  <testcase classname="Academy.HomePage" name="basePageNavigation" time="42.973"/>
  <testcase classname="Academy.HomePage" name="basePageNavigation" time="11.774"/>
  <testcase classname="Academy.validateTitle" name="titleValidation" time="27.672"/>
</testsuite> <!-- Test -->
