<?xml version="1.0" encoding="UTF-8"?>
<!-- Generated by org.testng.reporters.JUnitXMLReporter -->
<testsuite ignored="0" hostname="HEMANTHVANI" failures="0" tests="4" name="Test" time="66.705" errors="0" timestamp="2020-12-08T19:01:28 IST">
  <testcase classname="Academy.validatePageLogo" name="validatePageTitle" time="6.943"/>
  <testcase classname="Academy.HomePage" name="basePageNavigation" time="13.97"/>
  <testcase classname="Academy.HomePage" name="basePageNavigation" time="8.24"/>
  <testcase classname="Academy.validateTitle" name="titleValidation" time="19.318"/>
</testsuite> <!-- Test -->
