<?xml version="1.0" encoding="UTF-8"?>
<testng-results ignored="0" total="5" passed="5" failed="0" skipped="0">
  <reporter-output>
  </reporter-output>
  <suite started-at="2020-12-10T19:30:16 IST" name="Suite" finished-at="2020-12-10T19:31:00 IST" duration-ms="43937">
    <groups>
    </groups>
    <test started-at="2020-12-10T19:30:16 IST" name="App Test" finished-at="2020-12-10T19:30:16 IST" duration-ms="8">
    </test> <!-- App Test -->
    <test started-at="2020-12-10T19:30:16 IST" name="ValidatePage Logo Test" finished-at="2020-12-10T19:30:38 IST" duration-ms="21775">
      <class name="Academy.validatePageLogo">
        <test-method is-config="true" signature="launchBrowser()[pri:0, instance:Academy.validatePageLogo@4e4efc1b]" started-at="2020-12-10T19:30:16 IST" name="launchBrowser" finished-at="2020-12-10T19:30:36 IST" duration-ms="19639" status="PASS">
          <reporter-output>
          </reporter-output>
        </test-method> <!-- launchBrowser -->
        <test-method signature="validatePageTitle()[pri:0, instance:Academy.validatePageLogo@4e4efc1b]" started-at="2020-12-10T19:30:36 IST" name="validatePageTitle" finished-at="2020-12-10T19:30:37 IST" duration-ms="612" status="PASS">
          <reporter-output>
          </reporter-output>
        </test-method> <!-- validatePageTitle -->
        <test-method is-config="true" signature="tearDown()[pri:0, instance:Academy.validatePageLogo@4e4efc1b]" started-at="2020-12-10T19:30:37 IST" name="tearDown" finished-at="2020-12-10T19:30:38 IST" duration-ms="1507" status="PASS">
          <reporter-output>
          </reporter-output>
        </test-method> <!-- tearDown -->
      </class> <!-- Academy.validatePageLogo -->
    </test> <!-- ValidatePage Logo Test -->
    <test started-at="2020-12-10T19:30:16 IST" name="ValidateTitle Test" finished-at="2020-12-10T19:30:39 IST" duration-ms="22554">
      <class name="Academy.validateTitle">
        <test-method is-config="true" signature="launchBrowser()[pri:0, instance:Academy.validateTitle@2755d705]" started-at="2020-12-10T19:30:16 IST" name="launchBrowser" finished-at="2020-12-10T19:30:38 IST" duration-ms="22024" status="PASS">
          <reporter-output>
          </reporter-output>
        </test-method> <!-- launchBrowser -->
        <test-method signature="titleValidation()[pri:0, instance:Academy.validateTitle@2755d705]" started-at="2020-12-10T19:30:38 IST" name="titleValidation" finished-at="2020-12-10T19:30:38 IST" duration-ms="134" status="PASS">
          <reporter-output>
          </reporter-output>
        </test-method> <!-- titleValidation -->
        <test-method signature="validateEnperpriseText()[pri:0, instance:Academy.validateTitle@2755d705]" started-at="2020-12-10T19:30:38 IST" name="validateEnperpriseText" finished-at="2020-12-10T19:30:39 IST" duration-ms="79" status="PASS">
          <reporter-output>
          </reporter-output>
        </test-method> <!-- validateEnperpriseText -->
        <test-method is-config="true" signature="tearDown()[pri:0, instance:Academy.validateTitle@2755d705]" started-at="2020-12-10T19:30:39 IST" name="tearDown" finished-at="2020-12-10T19:30:39 IST" duration-ms="309" status="PASS">
          <reporter-output>
          </reporter-output>
        </test-method> <!-- tearDown -->
      </class> <!-- Academy.validateTitle -->
    </test> <!-- ValidateTitle Test -->
    <test started-at="2020-12-10T19:30:16 IST" name="HomePage Test" finished-at="2020-12-10T19:31:00 IST" duration-ms="43937">
      <class name="Academy.HomePage">
        <test-method is-config="true" signature="launchBrowser()[pri:0, instance:Academy.HomePage@3ec11999]" started-at="2020-12-10T19:30:16 IST" name="launchBrowser" finished-at="2020-12-10T19:30:24 IST" duration-ms="7645" status="PASS">
          <reporter-output>
          </reporter-output>
        </test-method> <!-- launchBrowser -->
        <test-method signature="basePageNavigation(java.lang.String, java.lang.String, java.lang.String)[pri:0, instance:Academy.HomePage@3ec11999]" started-at="2020-12-10T19:30:24 IST" name="basePageNavigation" data-provider="getData" finished-at="2020-12-10T19:30:54 IST" duration-ms="29729" status="PASS">
          <params>
            <param index="0">
              <value>
                <![CDATA[restricteduser@qa.com]]>
              </value>
            </param>
            <param index="1">
              <value>
                <![CDATA[restricted1234]]>
              </value>
            </param>
            <param index="2">
              <value>
                <![CDATA[Restricted User should not Login]]>
              </value>
            </param>
          </params>
          <reporter-output>
          </reporter-output>
        </test-method> <!-- basePageNavigation -->
        <test-method signature="basePageNavigation(java.lang.String, java.lang.String, java.lang.String)[pri:0, instance:Academy.HomePage@3ec11999]" started-at="2020-12-10T19:30:54 IST" name="basePageNavigation" data-provider="getData" finished-at="2020-12-10T19:31:00 IST" duration-ms="6422" status="PASS">
          <params>
            <param index="0">
              <value>
                <![CDATA[nonrestricteduser@qa.com]]>
              </value>
            </param>
            <param index="1">
              <value>
                <![CDATA[nonrestr12345]]>
              </value>
            </param>
            <param index="2">
              <value>
                <![CDATA[Non-Restricted User should be Login]]>
              </value>
            </param>
          </params>
          <reporter-output>
          </reporter-output>
        </test-method> <!-- basePageNavigation -->
        <test-method is-config="true" signature="tearDown()[pri:0, instance:Academy.HomePage@3ec11999]" started-at="2020-12-10T19:31:00 IST" name="tearDown" finished-at="2020-12-10T19:31:00 IST" duration-ms="74" status="PASS">
          <reporter-output>
          </reporter-output>
        </test-method> <!-- tearDown -->
      </class> <!-- Academy.HomePage -->
    </test> <!-- HomePage Test -->
  </suite> <!-- Suite -->
</testng-results>
