<?xml version="1.0" encoding="UTF-8"?>
<testng-results ignored="0" total="5" passed="4" failed="1" skipped="0">
  <reporter-output>
  </reporter-output>
  <suite started-at="2020-12-10T12:00:53 IST" name="Suite" finished-at="2020-12-10T12:01:56 IST" duration-ms="63408">
    <groups>
    </groups>
    <test started-at="2020-12-10T12:00:53 IST" name="App Test" finished-at="2020-12-10T12:00:53 IST" duration-ms="16">
    </test> <!-- App Test -->
    <test started-at="2020-12-10T12:00:53 IST" name="ValidateTitle Test" finished-at="2020-12-10T12:01:30 IST" duration-ms="37040">
      <class name="Academy.validateTitle">
        <test-method is-config="true" signature="launchBrowser()[pri:0, instance:Academy.validateTitle@7a0e1b5e]" started-at="2020-12-10T12:00:53 IST" name="launchBrowser" finished-at="2020-12-10T12:01:25 IST" duration-ms="32613" status="PASS">
          <reporter-output>
          </reporter-output>
        </test-method> <!-- launchBrowser -->
        <test-method signature="titleValidation()[pri:0, instance:Academy.validateTitle@7a0e1b5e]" started-at="2020-12-10T12:01:25 IST" name="titleValidation" finished-at="2020-12-10T12:01:25 IST" duration-ms="108" status="PASS">
          <reporter-output>
          </reporter-output>
        </test-method> <!-- titleValidation -->
        <test-method signature="validateEnperpriseText()[pri:0, instance:Academy.validateTitle@7a0e1b5e]" started-at="2020-12-10T12:01:25 IST" name="validateEnperpriseText" finished-at="2020-12-10T12:01:25 IST" duration-ms="113" status="PASS">
          <reporter-output>
          </reporter-output>
        </test-method> <!-- validateEnperpriseText -->
        <test-method is-config="true" signature="tearDown()[pri:0, instance:Academy.validateTitle@7a0e1b5e]" started-at="2020-12-10T12:01:25 IST" name="tearDown" finished-at="2020-12-10T12:01:30 IST" duration-ms="4177" status="PASS">
          <reporter-output>
          </reporter-output>
        </test-method> <!-- tearDown -->
      </class> <!-- Academy.validateTitle -->
    </test> <!-- ValidateTitle Test -->
    <test started-at="2020-12-10T12:00:53 IST" name="ValidatePage Logo Test" finished-at="2020-12-10T12:01:33 IST" duration-ms="39947">
      <class name="Academy.validatePageLogo">
        <test-method is-config="true" signature="launchBrowser()[pri:0, instance:Academy.validatePageLogo@5769e7ae]" started-at="2020-12-10T12:00:53 IST" name="launchBrowser" finished-at="2020-12-10T12:01:27 IST" duration-ms="34797" status="PASS">
          <reporter-output>
          </reporter-output>
        </test-method> <!-- launchBrowser -->
        <test-method signature="validatePageTitle()[pri:0, instance:Academy.validatePageLogo@5769e7ae]" started-at="2020-12-10T12:01:27 IST" name="validatePageTitle" finished-at="2020-12-10T12:01:31 IST" duration-ms="4020" status="PASS">
          <reporter-output>
          </reporter-output>
        </test-method> <!-- validatePageTitle -->
        <test-method is-config="true" signature="tearDown()[pri:0, instance:Academy.validatePageLogo@5769e7ae]" started-at="2020-12-10T12:01:31 IST" name="tearDown" finished-at="2020-12-10T12:01:33 IST" duration-ms="1116" status="PASS">
          <reporter-output>
          </reporter-output>
        </test-method> <!-- tearDown -->
      </class> <!-- Academy.validatePageLogo -->
    </test> <!-- ValidatePage Logo Test -->
    <test started-at="2020-12-10T12:00:53 IST" name="HomePage Test" finished-at="2020-12-10T12:01:56 IST" duration-ms="63407">
      <class name="Academy.HomePage">
        <test-method is-config="true" signature="launchBrowser()[pri:0, instance:Academy.HomePage@2ad3a1bb]" started-at="2020-12-10T12:00:53 IST" name="launchBrowser" finished-at="2020-12-10T12:01:00 IST" duration-ms="7639" status="PASS">
          <reporter-output>
          </reporter-output>
        </test-method> <!-- launchBrowser -->
        <test-method signature="basePageNavigation(java.lang.String, java.lang.String, java.lang.String)[pri:0, instance:Academy.HomePage@2ad3a1bb]" started-at="2020-12-10T12:01:00 IST" name="basePageNavigation" data-provider="getData" finished-at="2020-12-10T12:01:35 IST" duration-ms="34612" status="PASS">
          <params>
            <param index="0">
              <value>
                <![CDATA[restricteduser@qa.com]]>
              </value>
            </param>
            <param index="1">
              <value>
                <![CDATA[restricted1234]]>
              </value>
            </param>
            <param index="2">
              <value>
                <![CDATA[Restricted User should not Login]]>
              </value>
            </param>
          </params>
          <reporter-output>
          </reporter-output>
        </test-method> <!-- basePageNavigation -->
        <test-method signature="basePageNavigation(java.lang.String, java.lang.String, java.lang.String)[pri:0, instance:Academy.HomePage@2ad3a1bb]" started-at="2020-12-10T12:01:35 IST" name="basePageNavigation" data-provider="getData" finished-at="2020-12-10T12:01:55 IST" duration-ms="20473" status="FAIL">
          <params>
            <param index="0">
              <value>
                <![CDATA[nonrestricteduser@qa.com]]>
              </value>
            </param>
            <param index="1">
              <value>
                <![CDATA[nonrestr12345]]>
              </value>
            </param>
            <param index="2">
              <value>
                <![CDATA[Non-Restricted User should be Login]]>
              </value>
            </param>
          </params>
          <exception class="org.openqa.selenium.NoSuchElementException">
            <message>
              <![CDATA[no such element: Unable to locate element: {"method":"css selector","selector":"#txtlogin"}
  (Session info: chrome=87.0.4280.88)
For documentation on this error, please visit: https://www.seleniumhq.org/exceptions/no_such_element.html
Build info: version: '3.141.59', revision: 'e82be7d358', time: '2018-11-14T08:17:03'
System info: host: 'HEMANTHVANI', ip: '192.168.41.1', os.name: 'Windows 10', os.arch: 'amd64', os.version: '10.0', java.version: '14.0.2'
Driver info: org.openqa.selenium.chrome.ChromeDriver
Capabilities {acceptInsecureCerts: false, browserName: chrome, browserVersion: 87.0.4280.88, chrome: {chromedriverVersion: 87.0.4280.20 (c99e81631faa0..., userDataDir: C:\Users\HEMANT~1\AppData\L...}, goog:chromeOptions: {debuggerAddress: localhost:59762}, javascriptEnabled: true, networkConnectionEnabled: false, pageLoadStrategy: normal, platform: WINDOWS, platformName: WINDOWS, proxy: Proxy(), setWindowRect: true, strictFileInteractability: false, timeouts: {implicit: 0, pageLoad: 300000, script: 30000}, unhandledPromptBehavior: dismiss and notify, webauthn:virtualAuthenticators: true}
Session ID: 776a890deb6e6474fc3ba33857c30058
*** Element info: {Using=id, value=txtlogin}]]>
            </message>
            <full-stacktrace>
              <![CDATA[org.openqa.selenium.NoSuchElementException: no such element: Unable to locate element: {"method":"css selector","selector":"#txtlogin"}
  (Session info: chrome=87.0.4280.88)
For documentation on this error, please visit: https://www.seleniumhq.org/exceptions/no_such_element.html
Build info: version: '3.141.59', revision: 'e82be7d358', time: '2018-11-14T08:17:03'
System info: host: 'HEMANTHVANI', ip: '192.168.41.1', os.name: 'Windows 10', os.arch: 'amd64', os.version: '10.0', java.version: '14.0.2'
Driver info: org.openqa.selenium.chrome.ChromeDriver
Capabilities {acceptInsecureCerts: false, browserName: chrome, browserVersion: 87.0.4280.88, chrome: {chromedriverVersion: 87.0.4280.20 (c99e81631faa0..., userDataDir: C:\Users\HEMANT~1\AppData\L...}, goog:chromeOptions: {debuggerAddress: localhost:59762}, javascriptEnabled: true, networkConnectionEnabled: false, pageLoadStrategy: normal, platform: WINDOWS, platformName: WINDOWS, proxy: Proxy(), setWindowRect: true, strictFileInteractability: false, timeouts: {implicit: 0, pageLoad: 300000, script: 30000}, unhandledPromptBehavior: dismiss and notify, webauthn:virtualAuthenticators: true}
Session ID: 776a890deb6e6474fc3ba33857c30058
*** Element info: {Using=id, value=txtlogin}
at java.base/jdk.internal.reflect.NativeConstructorAccessorImpl.newInstance0(Native Method)
at java.base/jdk.internal.reflect.NativeConstructorAccessorImpl.newInstance(NativeConstructorAccessorImpl.java:62)
at java.base/jdk.internal.reflect.DelegatingConstructorAccessorImpl.newInstance(DelegatingConstructorAccessorImpl.java:45)
at java.base/java.lang.reflect.Constructor.newInstanceWithCaller(Constructor.java:500)
at java.base/java.lang.reflect.Constructor.newInstance(Constructor.java:481)
at org.openqa.selenium.remote.http.W3CHttpResponseCodec.createException(W3CHttpResponseCodec.java:187)
at org.openqa.selenium.remote.http.W3CHttpResponseCodec.decode(W3CHttpResponseCodec.java:122)
at org.openqa.selenium.remote.http.W3CHttpResponseCodec.decode(W3CHttpResponseCodec.java:49)
at org.openqa.selenium.remote.HttpCommandExecutor.execute(HttpCommandExecutor.java:158)
at org.openqa.selenium.remote.service.DriverCommandExecutor.execute(DriverCommandExecutor.java:83)
at org.openqa.selenium.remote.RemoteWebDriver.execute(RemoteWebDriver.java:552)
at org.openqa.selenium.remote.RemoteWebDriver.findElement(RemoteWebDriver.java:323)
at org.openqa.selenium.remote.RemoteWebDriver.findElementById(RemoteWebDriver.java:372)
at org.openqa.selenium.By$ById.findElement(By.java:188)
at org.openqa.selenium.remote.RemoteWebDriver.findElement(RemoteWebDriver.java:315)
at pageObjects.ForgotPassword.getEmail(ForgotPassword.java:20)
at Academy.HomePage.basePageNavigation(HomePage.java:46)
at java.base/jdk.internal.reflect.NativeMethodAccessorImpl.invoke0(Native Method)
at java.base/jdk.internal.reflect.NativeMethodAccessorImpl.invoke(NativeMethodAccessorImpl.java:62)
at java.base/jdk.internal.reflect.DelegatingMethodAccessorImpl.invoke(DelegatingMethodAccessorImpl.java:43)
at java.base/java.lang.reflect.Method.invoke(Method.java:564)
at org.testng.internal.MethodInvocationHelper.invokeMethod(MethodInvocationHelper.java:132)
at org.testng.internal.TestInvoker.invokeMethod(TestInvoker.java:599)
at org.testng.internal.TestInvoker.invokeTestMethod(TestInvoker.java:174)
at org.testng.internal.MethodRunner.runInSequence(MethodRunner.java:46)
at org.testng.internal.TestInvoker$MethodInvocationAgent.invoke(TestInvoker.java:822)
at org.testng.internal.TestInvoker.invokeTestMethods(TestInvoker.java:147)
at org.testng.internal.TestMethodWorker.invokeTestMethods(TestMethodWorker.java:146)
at org.testng.internal.TestMethodWorker.run(TestMethodWorker.java:128)
at java.base/java.util.ArrayList.forEach(ArrayList.java:1511)
at org.testng.TestRunner.privateRun(TestRunner.java:764)
at org.testng.TestRunner.run(TestRunner.java:585)
at org.testng.SuiteRunner.runTest(SuiteRunner.java:384)
at org.testng.SuiteRunner.access$000(SuiteRunner.java:28)
at org.testng.SuiteRunner$SuiteWorker.run(SuiteRunner.java:425)
at org.testng.internal.thread.ThreadUtil.lambda$execute$0(ThreadUtil.java:66)
at java.base/java.util.concurrent.FutureTask.run(FutureTask.java:264)
at java.base/java.util.concurrent.ThreadPoolExecutor.runWorker(ThreadPoolExecutor.java:1130)
at java.base/java.util.concurrent.ThreadPoolExecutor$Worker.run(ThreadPoolExecutor.java:630)
at java.base/java.lang.Thread.run(Thread.java:832)
]]>
            </full-stacktrace>
          </exception> <!-- org.openqa.selenium.NoSuchElementException -->
          <reporter-output>
          </reporter-output>
        </test-method> <!-- basePageNavigation -->
        <test-method is-config="true" signature="tearDown()[pri:0, instance:Academy.HomePage@2ad3a1bb]" started-at="2020-12-10T12:01:56 IST" name="tearDown" finished-at="2020-12-10T12:01:56 IST" duration-ms="103" status="PASS">
          <reporter-output>
          </reporter-output>
        </test-method> <!-- tearDown -->
      </class> <!-- Academy.HomePage -->
    </test> <!-- HomePage Test -->
  </suite> <!-- Suite -->
</testng-results>
